<?xml version="1.0" encoding="UTF-8"?>
<!-- Generated by org.testng.reporters.JUnitReportReporter -->
<testsuite skipped="0" hostname="DESKTOP-T3BAF5G" name="com.alex.training.app.SeleniumBasicTest" tests="1" failures="0" timestamp="13 feb 2020 00:03:58 GMT" time="27.816" errors="0">
  <testcase name="swa" time="27.816" classname="com.alex.training.app.SeleniumBasicTest"/>
</testsuite> <!-- com.alex.training.app.SeleniumBasicTest -->
