<?xml version="1.0" encoding="UTF-8"?>
<!-- Generated by org.testng.reporters.JUnitReportReporter -->
<testsuite skipped="1" hostname="DESKTOP-T3BAF5G" name="com.alex.training.app.AppTest" tests="5" failures="0" timestamp="14 ene 2020 01:00:02 GMT" time="0.032" errors="0">
  <testcase name="messageTest" time="0.004" classname="com.alex.training.app.AppTest"/>
  <testcase name="fibonacciTest" time="0.011" classname="com.alex.training.app.AppTest"/>
  <testcase name="additionTest" time="0.014" classname="com.alex.training.app.AppTest"/>
  <testcase name="powTest" time="0.003" classname="com.alex.training.app.AppTest"/>
  <testcase name="substractionTest" classname="com.alex.training.app.AppTest">
    <skipped/>
  </testcase> <!-- substractionTest -->
</testsuite> <!-- com.alex.training.app.AppTest -->
